:: loading settings :: url = jar:file:/opt/bitnami/spark/jars/ivy-2.5.0.jar!/org/apache/ivy/core/settings/ivysettings.xml
Ivy Default Cache set to: /opt/bitnami/spark/.ivy2/cache
The jars for the packages stored in: /opt/bitnami/spark/.ivy2/jars
org.apache.spark#spark-sql-kafka-0-10_2.12 added as a dependency
:: resolving dependencies :: org.apache.spark#spark-submit-parent-42a3a598-720d-43c6-8438-31189282e1b1;1.0
	confs: [default]
	found org.apache.spark#spark-sql-kafka-0-10_2.12;3.0.0 in central
	found org.apache.spark#spark-token-provider-kafka-0-10_2.12;3.0.0 in central
	found org.apache.kafka#kafka-clients;2.4.1 in central
	found com.github.luben#zstd-jni;1.4.4-3 in central
	found org.lz4#lz4-java;1.7.1 in central
	found org.xerial.snappy#snappy-java;1.1.7.5 in central
	found org.slf4j#slf4j-api;1.7.30 in central
	found org.spark-project.spark#unused;1.0.0 in central
	found org.apache.commons#commons-pool2;2.6.2 in central
:: resolution report :: resolve 623ms :: artifacts dl 18ms
	:: modules in use:
	com.github.luben#zstd-jni;1.4.4-3 from central in [default]
	org.apache.commons#commons-pool2;2.6.2 from central in [default]
	org.apache.kafka#kafka-clients;2.4.1 from central in [default]
	org.apache.spark#spark-sql-kafka-0-10_2.12;3.0.0 from central in [default]
	org.apache.spark#spark-token-provider-kafka-0-10_2.12;3.0.0 from central in [default]
	org.lz4#lz4-java;1.7.1 from central in [default]
	org.slf4j#slf4j-api;1.7.30 from central in [default]
	org.spark-project.spark#unused;1.0.0 from central in [default]
	org.xerial.snappy#snappy-java;1.1.7.5 from central in [default]
	---------------------------------------------------------------------
	|                  |            modules            ||   artifacts   |
	|       conf       | number| search|dwnlded|evicted|| number|dwnlded|
	---------------------------------------------------------------------
	|      default     |   9   |   0   |   0   |   0   ||   9   |   0   |
	---------------------------------------------------------------------
:: retrieving :: org.apache.spark#spark-submit-parent-42a3a598-720d-43c6-8438-31189282e1b1
	confs: [default]
	0 artifacts copied, 9 already retrieved (0kB/16ms)
22/11/07 03:33:58 WARN NativeCodeLoader: Unable to load native-hadoop library for your platform... using builtin-java classes where applicable
Using Spark's default log4j profile: org/apache/spark/log4j-defaults.properties
22/11/07 03:33:59 INFO SparkContext: Running Spark version 3.2.1
22/11/07 03:33:59 INFO ResourceUtils: ==============================================================
22/11/07 03:33:59 INFO ResourceUtils: No custom resources configured for spark.driver.
22/11/07 03:33:59 INFO ResourceUtils: ==============================================================
22/11/07 03:33:59 INFO SparkContext: Submitted application: balance-events
22/11/07 03:33:59 INFO ResourceProfile: Default ResourceProfile created, executor resources: Map(cores -> name: cores, amount: 1, script: , vendor: , memory -> name: memory, amount: 1024, script: , vendor: , offHeap -> name: offHeap, amount: 0, script: , vendor: ), task resources: Map(cpus -> name: cpus, amount: 1.0)
22/11/07 03:33:59 INFO ResourceProfile: Limiting resource is cpu
22/11/07 03:33:59 INFO ResourceProfileManager: Added ResourceProfile id: 0
22/11/07 03:33:59 INFO SecurityManager: Changing view acls to: spark
22/11/07 03:33:59 INFO SecurityManager: Changing modify acls to: spark
22/11/07 03:33:59 INFO SecurityManager: Changing view acls groups to: 
22/11/07 03:33:59 INFO SecurityManager: Changing modify acls groups to: 
22/11/07 03:33:59 INFO SecurityManager: SecurityManager: authentication disabled; ui acls disabled; users  with view permissions: Set(spark); groups with view permissions: Set(); users  with modify permissions: Set(spark); groups with modify permissions: Set()
22/11/07 03:33:59 INFO Utils: Successfully started service 'sparkDriver' on port 45287.
22/11/07 03:33:59 INFO SparkEnv: Registering MapOutputTracker
22/11/07 03:33:59 INFO SparkEnv: Registering BlockManagerMaster
22/11/07 03:33:59 INFO BlockManagerMasterEndpoint: Using org.apache.spark.storage.DefaultTopologyMapper for getting topology information
22/11/07 03:33:59 INFO BlockManagerMasterEndpoint: BlockManagerMasterEndpoint up
22/11/07 03:33:59 INFO SparkEnv: Registering BlockManagerMasterHeartbeat
22/11/07 03:34:00 INFO DiskBlockManager: Created local directory at /tmp/blockmgr-e4aca763-0f82-4a30-ae25-f4a8d6f57f68
22/11/07 03:34:00 INFO MemoryStore: MemoryStore started with capacity 366.3 MiB
22/11/07 03:34:00 INFO SparkEnv: Registering OutputCommitCoordinator
22/11/07 03:34:00 INFO Utils: Successfully started service 'SparkUI' on port 4040.
22/11/07 03:34:00 INFO SparkUI: Bound SparkUI to 0.0.0.0, and started at http://f23570360d13:4040
22/11/07 03:34:00 INFO SparkContext: Added JAR file:///opt/bitnami/spark/.ivy2/jars/org.apache.spark_spark-sql-kafka-0-10_2.12-3.0.0.jar at spark://f23570360d13:45287/jars/org.apache.spark_spark-sql-kafka-0-10_2.12-3.0.0.jar with timestamp 1667792039350
22/11/07 03:34:00 INFO SparkContext: Added JAR file:///opt/bitnami/spark/.ivy2/jars/org.apache.spark_spark-token-provider-kafka-0-10_2.12-3.0.0.jar at spark://f23570360d13:45287/jars/org.apache.spark_spark-token-provider-kafka-0-10_2.12-3.0.0.jar with timestamp 1667792039350
22/11/07 03:34:00 INFO SparkContext: Added JAR file:///opt/bitnami/spark/.ivy2/jars/org.apache.kafka_kafka-clients-2.4.1.jar at spark://f23570360d13:45287/jars/org.apache.kafka_kafka-clients-2.4.1.jar with timestamp 1667792039350
22/11/07 03:34:00 INFO SparkContext: Added JAR file:///opt/bitnami/spark/.ivy2/jars/org.apache.commons_commons-pool2-2.6.2.jar at spark://f23570360d13:45287/jars/org.apache.commons_commons-pool2-2.6.2.jar with timestamp 1667792039350
22/11/07 03:34:00 INFO SparkContext: Added JAR file:///opt/bitnami/spark/.ivy2/jars/org.spark-project.spark_unused-1.0.0.jar at spark://f23570360d13:45287/jars/org.spark-project.spark_unused-1.0.0.jar with timestamp 1667792039350
22/11/07 03:34:00 INFO SparkContext: Added JAR file:///opt/bitnami/spark/.ivy2/jars/com.github.luben_zstd-jni-1.4.4-3.jar at spark://f23570360d13:45287/jars/com.github.luben_zstd-jni-1.4.4-3.jar with timestamp 1667792039350
22/11/07 03:34:00 INFO SparkContext: Added JAR file:///opt/bitnami/spark/.ivy2/jars/org.lz4_lz4-java-1.7.1.jar at spark://f23570360d13:45287/jars/org.lz4_lz4-java-1.7.1.jar with timestamp 1667792039350
22/11/07 03:34:00 INFO SparkContext: Added JAR file:///opt/bitnami/spark/.ivy2/jars/org.xerial.snappy_snappy-java-1.1.7.5.jar at spark://f23570360d13:45287/jars/org.xerial.snappy_snappy-java-1.1.7.5.jar with timestamp 1667792039350
22/11/07 03:34:00 INFO SparkContext: Added JAR file:///opt/bitnami/spark/.ivy2/jars/org.slf4j_slf4j-api-1.7.30.jar at spark://f23570360d13:45287/jars/org.slf4j_slf4j-api-1.7.30.jar with timestamp 1667792039350
22/11/07 03:34:00 INFO SparkContext: Added file file:///opt/bitnami/spark/.ivy2/jars/org.apache.spark_spark-sql-kafka-0-10_2.12-3.0.0.jar at file:///opt/bitnami/spark/.ivy2/jars/org.apache.spark_spark-sql-kafka-0-10_2.12-3.0.0.jar with timestamp 1667792039350
22/11/07 03:34:00 INFO Utils: Copying /opt/bitnami/spark/.ivy2/jars/org.apache.spark_spark-sql-kafka-0-10_2.12-3.0.0.jar to /tmp/spark-cd7b7e95-5553-4914-8185-ef9c8bc5969a/userFiles-b2a89dd9-5d99-46bb-a360-f776a63cafb3/org.apache.spark_spark-sql-kafka-0-10_2.12-3.0.0.jar
22/11/07 03:34:00 INFO SparkContext: Added file file:///opt/bitnami/spark/.ivy2/jars/org.apache.spark_spark-token-provider-kafka-0-10_2.12-3.0.0.jar at file:///opt/bitnami/spark/.ivy2/jars/org.apache.spark_spark-token-provider-kafka-0-10_2.12-3.0.0.jar with timestamp 1667792039350
22/11/07 03:34:00 INFO Utils: Copying /opt/bitnami/spark/.ivy2/jars/org.apache.spark_spark-token-provider-kafka-0-10_2.12-3.0.0.jar to /tmp/spark-cd7b7e95-5553-4914-8185-ef9c8bc5969a/userFiles-b2a89dd9-5d99-46bb-a360-f776a63cafb3/org.apache.spark_spark-token-provider-kafka-0-10_2.12-3.0.0.jar
22/11/07 03:34:00 INFO SparkContext: Added file file:///opt/bitnami/spark/.ivy2/jars/org.apache.kafka_kafka-clients-2.4.1.jar at file:///opt/bitnami/spark/.ivy2/jars/org.apache.kafka_kafka-clients-2.4.1.jar with timestamp 1667792039350
22/11/07 03:34:00 INFO Utils: Copying /opt/bitnami/spark/.ivy2/jars/org.apache.kafka_kafka-clients-2.4.1.jar to /tmp/spark-cd7b7e95-5553-4914-8185-ef9c8bc5969a/userFiles-b2a89dd9-5d99-46bb-a360-f776a63cafb3/org.apache.kafka_kafka-clients-2.4.1.jar
22/11/07 03:34:00 INFO SparkContext: Added file file:///opt/bitnami/spark/.ivy2/jars/org.apache.commons_commons-pool2-2.6.2.jar at file:///opt/bitnami/spark/.ivy2/jars/org.apache.commons_commons-pool2-2.6.2.jar with timestamp 1667792039350
22/11/07 03:34:00 INFO Utils: Copying /opt/bitnami/spark/.ivy2/jars/org.apache.commons_commons-pool2-2.6.2.jar to /tmp/spark-cd7b7e95-5553-4914-8185-ef9c8bc5969a/userFiles-b2a89dd9-5d99-46bb-a360-f776a63cafb3/org.apache.commons_commons-pool2-2.6.2.jar
22/11/07 03:34:00 INFO SparkContext: Added file file:///opt/bitnami/spark/.ivy2/jars/org.spark-project.spark_unused-1.0.0.jar at file:///opt/bitnami/spark/.ivy2/jars/org.spark-project.spark_unused-1.0.0.jar with timestamp 1667792039350
22/11/07 03:34:00 INFO Utils: Copying /opt/bitnami/spark/.ivy2/jars/org.spark-project.spark_unused-1.0.0.jar to /tmp/spark-cd7b7e95-5553-4914-8185-ef9c8bc5969a/userFiles-b2a89dd9-5d99-46bb-a360-f776a63cafb3/org.spark-project.spark_unused-1.0.0.jar
22/11/07 03:34:00 INFO SparkContext: Added file file:///opt/bitnami/spark/.ivy2/jars/com.github.luben_zstd-jni-1.4.4-3.jar at file:///opt/bitnami/spark/.ivy2/jars/com.github.luben_zstd-jni-1.4.4-3.jar with timestamp 1667792039350
22/11/07 03:34:00 INFO Utils: Copying /opt/bitnami/spark/.ivy2/jars/com.github.luben_zstd-jni-1.4.4-3.jar to /tmp/spark-cd7b7e95-5553-4914-8185-ef9c8bc5969a/userFiles-b2a89dd9-5d99-46bb-a360-f776a63cafb3/com.github.luben_zstd-jni-1.4.4-3.jar
22/11/07 03:34:00 INFO SparkContext: Added file file:///opt/bitnami/spark/.ivy2/jars/org.lz4_lz4-java-1.7.1.jar at file:///opt/bitnami/spark/.ivy2/jars/org.lz4_lz4-java-1.7.1.jar with timestamp 1667792039350
22/11/07 03:34:00 INFO Utils: Copying /opt/bitnami/spark/.ivy2/jars/org.lz4_lz4-java-1.7.1.jar to /tmp/spark-cd7b7e95-5553-4914-8185-ef9c8bc5969a/userFiles-b2a89dd9-5d99-46bb-a360-f776a63cafb3/org.lz4_lz4-java-1.7.1.jar
22/11/07 03:34:00 INFO SparkContext: Added file file:///opt/bitnami/spark/.ivy2/jars/org.xerial.snappy_snappy-java-1.1.7.5.jar at file:///opt/bitnami/spark/.ivy2/jars/org.xerial.snappy_snappy-java-1.1.7.5.jar with timestamp 1667792039350
22/11/07 03:34:00 INFO Utils: Copying /opt/bitnami/spark/.ivy2/jars/org.xerial.snappy_snappy-java-1.1.7.5.jar to /tmp/spark-cd7b7e95-5553-4914-8185-ef9c8bc5969a/userFiles-b2a89dd9-5d99-46bb-a360-f776a63cafb3/org.xerial.snappy_snappy-java-1.1.7.5.jar
22/11/07 03:34:00 INFO SparkContext: Added file file:///opt/bitnami/spark/.ivy2/jars/org.slf4j_slf4j-api-1.7.30.jar at file:///opt/bitnami/spark/.ivy2/jars/org.slf4j_slf4j-api-1.7.30.jar with timestamp 1667792039350
22/11/07 03:34:00 INFO Utils: Copying /opt/bitnami/spark/.ivy2/jars/org.slf4j_slf4j-api-1.7.30.jar to /tmp/spark-cd7b7e95-5553-4914-8185-ef9c8bc5969a/userFiles-b2a89dd9-5d99-46bb-a360-f776a63cafb3/org.slf4j_slf4j-api-1.7.30.jar
22/11/07 03:34:00 INFO Executor: Starting executor ID driver on host f23570360d13
22/11/07 03:34:00 INFO Executor: Fetching file:///opt/bitnami/spark/.ivy2/jars/org.apache.spark_spark-token-provider-kafka-0-10_2.12-3.0.0.jar with timestamp 1667792039350
22/11/07 03:34:00 INFO Utils: /opt/bitnami/spark/.ivy2/jars/org.apache.spark_spark-token-provider-kafka-0-10_2.12-3.0.0.jar has been previously copied to /tmp/spark-cd7b7e95-5553-4914-8185-ef9c8bc5969a/userFiles-b2a89dd9-5d99-46bb-a360-f776a63cafb3/org.apache.spark_spark-token-provider-kafka-0-10_2.12-3.0.0.jar
22/11/07 03:34:00 INFO Executor: Fetching file:///opt/bitnami/spark/.ivy2/jars/com.github.luben_zstd-jni-1.4.4-3.jar with timestamp 1667792039350
22/11/07 03:34:00 INFO Utils: /opt/bitnami/spark/.ivy2/jars/com.github.luben_zstd-jni-1.4.4-3.jar has been previously copied to /tmp/spark-cd7b7e95-5553-4914-8185-ef9c8bc5969a/userFiles-b2a89dd9-5d99-46bb-a360-f776a63cafb3/com.github.luben_zstd-jni-1.4.4-3.jar
22/11/07 03:34:00 INFO Executor: Fetching file:///opt/bitnami/spark/.ivy2/jars/org.xerial.snappy_snappy-java-1.1.7.5.jar with timestamp 1667792039350
22/11/07 03:34:00 INFO Utils: /opt/bitnami/spark/.ivy2/jars/org.xerial.snappy_snappy-java-1.1.7.5.jar has been previously copied to /tmp/spark-cd7b7e95-5553-4914-8185-ef9c8bc5969a/userFiles-b2a89dd9-5d99-46bb-a360-f776a63cafb3/org.xerial.snappy_snappy-java-1.1.7.5.jar
22/11/07 03:34:00 INFO Executor: Fetching file:///opt/bitnami/spark/.ivy2/jars/org.apache.kafka_kafka-clients-2.4.1.jar with timestamp 1667792039350
22/11/07 03:34:00 INFO Utils: /opt/bitnami/spark/.ivy2/jars/org.apache.kafka_kafka-clients-2.4.1.jar has been previously copied to /tmp/spark-cd7b7e95-5553-4914-8185-ef9c8bc5969a/userFiles-b2a89dd9-5d99-46bb-a360-f776a63cafb3/org.apache.kafka_kafka-clients-2.4.1.jar
22/11/07 03:34:00 INFO Executor: Fetching file:///opt/bitnami/spark/.ivy2/jars/org.apache.spark_spark-sql-kafka-0-10_2.12-3.0.0.jar with timestamp 1667792039350
22/11/07 03:34:00 INFO Utils: /opt/bitnami/spark/.ivy2/jars/org.apache.spark_spark-sql-kafka-0-10_2.12-3.0.0.jar has been previously copied to /tmp/spark-cd7b7e95-5553-4914-8185-ef9c8bc5969a/userFiles-b2a89dd9-5d99-46bb-a360-f776a63cafb3/org.apache.spark_spark-sql-kafka-0-10_2.12-3.0.0.jar
22/11/07 03:34:00 INFO Executor: Fetching file:///opt/bitnami/spark/.ivy2/jars/org.apache.commons_commons-pool2-2.6.2.jar with timestamp 1667792039350
22/11/07 03:34:00 INFO Utils: /opt/bitnami/spark/.ivy2/jars/org.apache.commons_commons-pool2-2.6.2.jar has been previously copied to /tmp/spark-cd7b7e95-5553-4914-8185-ef9c8bc5969a/userFiles-b2a89dd9-5d99-46bb-a360-f776a63cafb3/org.apache.commons_commons-pool2-2.6.2.jar
22/11/07 03:34:00 INFO Executor: Fetching file:///opt/bitnami/spark/.ivy2/jars/org.spark-project.spark_unused-1.0.0.jar with timestamp 1667792039350
22/11/07 03:34:00 INFO Utils: /opt/bitnami/spark/.ivy2/jars/org.spark-project.spark_unused-1.0.0.jar has been previously copied to /tmp/spark-cd7b7e95-5553-4914-8185-ef9c8bc5969a/userFiles-b2a89dd9-5d99-46bb-a360-f776a63cafb3/org.spark-project.spark_unused-1.0.0.jar
22/11/07 03:34:00 INFO Executor: Fetching file:///opt/bitnami/spark/.ivy2/jars/org.lz4_lz4-java-1.7.1.jar with timestamp 1667792039350
22/11/07 03:34:00 INFO Utils: /opt/bitnami/spark/.ivy2/jars/org.lz4_lz4-java-1.7.1.jar has been previously copied to /tmp/spark-cd7b7e95-5553-4914-8185-ef9c8bc5969a/userFiles-b2a89dd9-5d99-46bb-a360-f776a63cafb3/org.lz4_lz4-java-1.7.1.jar
22/11/07 03:34:00 INFO Executor: Fetching file:///opt/bitnami/spark/.ivy2/jars/org.slf4j_slf4j-api-1.7.30.jar with timestamp 1667792039350
22/11/07 03:34:00 INFO Utils: /opt/bitnami/spark/.ivy2/jars/org.slf4j_slf4j-api-1.7.30.jar has been previously copied to /tmp/spark-cd7b7e95-5553-4914-8185-ef9c8bc5969a/userFiles-b2a89dd9-5d99-46bb-a360-f776a63cafb3/org.slf4j_slf4j-api-1.7.30.jar
22/11/07 03:34:00 INFO Executor: Fetching spark://f23570360d13:45287/jars/org.apache.commons_commons-pool2-2.6.2.jar with timestamp 1667792039350
22/11/07 03:34:00 INFO TransportClientFactory: Successfully created connection to f23570360d13/172.19.0.5:45287 after 39 ms (0 ms spent in bootstraps)
22/11/07 03:34:01 INFO Utils: Fetching spark://f23570360d13:45287/jars/org.apache.commons_commons-pool2-2.6.2.jar to /tmp/spark-cd7b7e95-5553-4914-8185-ef9c8bc5969a/userFiles-b2a89dd9-5d99-46bb-a360-f776a63cafb3/fetchFileTemp234018487756140546.tmp
22/11/07 03:34:01 INFO Utils: /tmp/spark-cd7b7e95-5553-4914-8185-ef9c8bc5969a/userFiles-b2a89dd9-5d99-46bb-a360-f776a63cafb3/fetchFileTemp234018487756140546.tmp has been previously copied to /tmp/spark-cd7b7e95-5553-4914-8185-ef9c8bc5969a/userFiles-b2a89dd9-5d99-46bb-a360-f776a63cafb3/org.apache.commons_commons-pool2-2.6.2.jar
22/11/07 03:34:01 INFO Executor: Adding file:/tmp/spark-cd7b7e95-5553-4914-8185-ef9c8bc5969a/userFiles-b2a89dd9-5d99-46bb-a360-f776a63cafb3/org.apache.commons_commons-pool2-2.6.2.jar to class loader
22/11/07 03:34:01 INFO Executor: Fetching spark://f23570360d13:45287/jars/org.xerial.snappy_snappy-java-1.1.7.5.jar with timestamp 1667792039350
22/11/07 03:34:01 INFO Utils: Fetching spark://f23570360d13:45287/jars/org.xerial.snappy_snappy-java-1.1.7.5.jar to /tmp/spark-cd7b7e95-5553-4914-8185-ef9c8bc5969a/userFiles-b2a89dd9-5d99-46bb-a360-f776a63cafb3/fetchFileTemp1361600004307915648.tmp
22/11/07 03:34:01 INFO Utils: /tmp/spark-cd7b7e95-5553-4914-8185-ef9c8bc5969a/userFiles-b2a89dd9-5d99-46bb-a360-f776a63cafb3/fetchFileTemp1361600004307915648.tmp has been previously copied to /tmp/spark-cd7b7e95-5553-4914-8185-ef9c8bc5969a/userFiles-b2a89dd9-5d99-46bb-a360-f776a63cafb3/org.xerial.snappy_snappy-java-1.1.7.5.jar
22/11/07 03:34:01 INFO Executor: Adding file:/tmp/spark-cd7b7e95-5553-4914-8185-ef9c8bc5969a/userFiles-b2a89dd9-5d99-46bb-a360-f776a63cafb3/org.xerial.snappy_snappy-java-1.1.7.5.jar to class loader
22/11/07 03:34:01 INFO Executor: Fetching spark://f23570360d13:45287/jars/org.slf4j_slf4j-api-1.7.30.jar with timestamp 1667792039350
22/11/07 03:34:01 INFO Utils: Fetching spark://f23570360d13:45287/jars/org.slf4j_slf4j-api-1.7.30.jar to /tmp/spark-cd7b7e95-5553-4914-8185-ef9c8bc5969a/userFiles-b2a89dd9-5d99-46bb-a360-f776a63cafb3/fetchFileTemp309195959923311826.tmp
22/11/07 03:34:01 INFO Utils: /tmp/spark-cd7b7e95-5553-4914-8185-ef9c8bc5969a/userFiles-b2a89dd9-5d99-46bb-a360-f776a63cafb3/fetchFileTemp309195959923311826.tmp has been previously copied to /tmp/spark-cd7b7e95-5553-4914-8185-ef9c8bc5969a/userFiles-b2a89dd9-5d99-46bb-a360-f776a63cafb3/org.slf4j_slf4j-api-1.7.30.jar
22/11/07 03:34:01 INFO Executor: Adding file:/tmp/spark-cd7b7e95-5553-4914-8185-ef9c8bc5969a/userFiles-b2a89dd9-5d99-46bb-a360-f776a63cafb3/org.slf4j_slf4j-api-1.7.30.jar to class loader
22/11/07 03:34:01 INFO Executor: Fetching spark://f23570360d13:45287/jars/org.spark-project.spark_unused-1.0.0.jar with timestamp 1667792039350
22/11/07 03:34:01 INFO Utils: Fetching spark://f23570360d13:45287/jars/org.spark-project.spark_unused-1.0.0.jar to /tmp/spark-cd7b7e95-5553-4914-8185-ef9c8bc5969a/userFiles-b2a89dd9-5d99-46bb-a360-f776a63cafb3/fetchFileTemp4431672614460431909.tmp
22/11/07 03:34:01 INFO Utils: /tmp/spark-cd7b7e95-5553-4914-8185-ef9c8bc5969a/userFiles-b2a89dd9-5d99-46bb-a360-f776a63cafb3/fetchFileTemp4431672614460431909.tmp has been previously copied to /tmp/spark-cd7b7e95-5553-4914-8185-ef9c8bc5969a/userFiles-b2a89dd9-5d99-46bb-a360-f776a63cafb3/org.spark-project.spark_unused-1.0.0.jar
22/11/07 03:34:01 INFO Executor: Adding file:/tmp/spark-cd7b7e95-5553-4914-8185-ef9c8bc5969a/userFiles-b2a89dd9-5d99-46bb-a360-f776a63cafb3/org.spark-project.spark_unused-1.0.0.jar to class loader
22/11/07 03:34:01 INFO Executor: Fetching spark://f23570360d13:45287/jars/org.lz4_lz4-java-1.7.1.jar with timestamp 1667792039350
22/11/07 03:34:01 INFO Utils: Fetching spark://f23570360d13:45287/jars/org.lz4_lz4-java-1.7.1.jar to /tmp/spark-cd7b7e95-5553-4914-8185-ef9c8bc5969a/userFiles-b2a89dd9-5d99-46bb-a360-f776a63cafb3/fetchFileTemp2415101368482274194.tmp
22/11/07 03:34:01 INFO Utils: /tmp/spark-cd7b7e95-5553-4914-8185-ef9c8bc5969a/userFiles-b2a89dd9-5d99-46bb-a360-f776a63cafb3/fetchFileTemp2415101368482274194.tmp has been previously copied to /tmp/spark-cd7b7e95-5553-4914-8185-ef9c8bc5969a/userFiles-b2a89dd9-5d99-46bb-a360-f776a63cafb3/org.lz4_lz4-java-1.7.1.jar
22/11/07 03:34:01 INFO Executor: Adding file:/tmp/spark-cd7b7e95-5553-4914-8185-ef9c8bc5969a/userFiles-b2a89dd9-5d99-46bb-a360-f776a63cafb3/org.lz4_lz4-java-1.7.1.jar to class loader
22/11/07 03:34:01 INFO Executor: Fetching spark://f23570360d13:45287/jars/org.apache.spark_spark-token-provider-kafka-0-10_2.12-3.0.0.jar with timestamp 1667792039350
22/11/07 03:34:01 INFO Utils: Fetching spark://f23570360d13:45287/jars/org.apache.spark_spark-token-provider-kafka-0-10_2.12-3.0.0.jar to /tmp/spark-cd7b7e95-5553-4914-8185-ef9c8bc5969a/userFiles-b2a89dd9-5d99-46bb-a360-f776a63cafb3/fetchFileTemp8874212045623655150.tmp
22/11/07 03:34:01 INFO Utils: /tmp/spark-cd7b7e95-5553-4914-8185-ef9c8bc5969a/userFiles-b2a89dd9-5d99-46bb-a360-f776a63cafb3/fetchFileTemp8874212045623655150.tmp has been previously copied to /tmp/spark-cd7b7e95-5553-4914-8185-ef9c8bc5969a/userFiles-b2a89dd9-5d99-46bb-a360-f776a63cafb3/org.apache.spark_spark-token-provider-kafka-0-10_2.12-3.0.0.jar
22/11/07 03:34:01 INFO Executor: Adding file:/tmp/spark-cd7b7e95-5553-4914-8185-ef9c8bc5969a/userFiles-b2a89dd9-5d99-46bb-a360-f776a63cafb3/org.apache.spark_spark-token-provider-kafka-0-10_2.12-3.0.0.jar to class loader
22/11/07 03:34:01 INFO Executor: Fetching spark://f23570360d13:45287/jars/org.apache.spark_spark-sql-kafka-0-10_2.12-3.0.0.jar with timestamp 1667792039350
22/11/07 03:34:01 INFO Utils: Fetching spark://f23570360d13:45287/jars/org.apache.spark_spark-sql-kafka-0-10_2.12-3.0.0.jar to /tmp/spark-cd7b7e95-5553-4914-8185-ef9c8bc5969a/userFiles-b2a89dd9-5d99-46bb-a360-f776a63cafb3/fetchFileTemp630413962922742283.tmp
22/11/07 03:34:01 INFO Utils: /tmp/spark-cd7b7e95-5553-4914-8185-ef9c8bc5969a/userFiles-b2a89dd9-5d99-46bb-a360-f776a63cafb3/fetchFileTemp630413962922742283.tmp has been previously copied to /tmp/spark-cd7b7e95-5553-4914-8185-ef9c8bc5969a/userFiles-b2a89dd9-5d99-46bb-a360-f776a63cafb3/org.apache.spark_spark-sql-kafka-0-10_2.12-3.0.0.jar
22/11/07 03:34:01 INFO Executor: Adding file:/tmp/spark-cd7b7e95-5553-4914-8185-ef9c8bc5969a/userFiles-b2a89dd9-5d99-46bb-a360-f776a63cafb3/org.apache.spark_spark-sql-kafka-0-10_2.12-3.0.0.jar to class loader
22/11/07 03:34:01 INFO Executor: Fetching spark://f23570360d13:45287/jars/com.github.luben_zstd-jni-1.4.4-3.jar with timestamp 1667792039350
22/11/07 03:34:01 INFO Utils: Fetching spark://f23570360d13:45287/jars/com.github.luben_zstd-jni-1.4.4-3.jar to /tmp/spark-cd7b7e95-5553-4914-8185-ef9c8bc5969a/userFiles-b2a89dd9-5d99-46bb-a360-f776a63cafb3/fetchFileTemp1309218315719098910.tmp
22/11/07 03:34:01 INFO Utils: /tmp/spark-cd7b7e95-5553-4914-8185-ef9c8bc5969a/userFiles-b2a89dd9-5d99-46bb-a360-f776a63cafb3/fetchFileTemp1309218315719098910.tmp has been previously copied to /tmp/spark-cd7b7e95-5553-4914-8185-ef9c8bc5969a/userFiles-b2a89dd9-5d99-46bb-a360-f776a63cafb3/com.github.luben_zstd-jni-1.4.4-3.jar
22/11/07 03:34:01 INFO Executor: Adding file:/tmp/spark-cd7b7e95-5553-4914-8185-ef9c8bc5969a/userFiles-b2a89dd9-5d99-46bb-a360-f776a63cafb3/com.github.luben_zstd-jni-1.4.4-3.jar to class loader
22/11/07 03:34:01 INFO Executor: Fetching spark://f23570360d13:45287/jars/org.apache.kafka_kafka-clients-2.4.1.jar with timestamp 1667792039350
22/11/07 03:34:01 INFO Utils: Fetching spark://f23570360d13:45287/jars/org.apache.kafka_kafka-clients-2.4.1.jar to /tmp/spark-cd7b7e95-5553-4914-8185-ef9c8bc5969a/userFiles-b2a89dd9-5d99-46bb-a360-f776a63cafb3/fetchFileTemp8328209761421901495.tmp
22/11/07 03:34:01 INFO Utils: /tmp/spark-cd7b7e95-5553-4914-8185-ef9c8bc5969a/userFiles-b2a89dd9-5d99-46bb-a360-f776a63cafb3/fetchFileTemp8328209761421901495.tmp has been previously copied to /tmp/spark-cd7b7e95-5553-4914-8185-ef9c8bc5969a/userFiles-b2a89dd9-5d99-46bb-a360-f776a63cafb3/org.apache.kafka_kafka-clients-2.4.1.jar
22/11/07 03:34:01 INFO Executor: Adding file:/tmp/spark-cd7b7e95-5553-4914-8185-ef9c8bc5969a/userFiles-b2a89dd9-5d99-46bb-a360-f776a63cafb3/org.apache.kafka_kafka-clients-2.4.1.jar to class loader
22/11/07 03:34:01 INFO Utils: Successfully started service 'org.apache.spark.network.netty.NettyBlockTransferService' on port 40043.
22/11/07 03:34:01 INFO NettyBlockTransferService: Server created on f23570360d13:40043
22/11/07 03:34:01 INFO BlockManager: Using org.apache.spark.storage.RandomBlockReplicationPolicy for block replication policy
22/11/07 03:34:01 INFO BlockManagerMaster: Registering BlockManager BlockManagerId(driver, f23570360d13, 40043, None)
22/11/07 03:34:01 INFO BlockManagerMasterEndpoint: Registering block manager f23570360d13:40043 with 366.3 MiB RAM, BlockManagerId(driver, f23570360d13, 40043, None)
22/11/07 03:34:01 INFO BlockManagerMaster: Registered BlockManager BlockManagerId(driver, f23570360d13, 40043, None)
22/11/07 03:34:01 INFO BlockManager: Initialized BlockManager: BlockManagerId(driver, f23570360d13, 40043, None)
22/11/07 03:34:01 INFO SharedState: Setting hive.metastore.warehouse.dir ('null') to the value of spark.sql.warehouse.dir.
22/11/07 03:34:01 INFO SharedState: Warehouse path is 'file:/opt/bitnami/spark/spark-warehouse'.
22/11/07 03:34:05 WARN ResolveWriteToStream: Temporary checkpoint location created which is deleted normally when the query didn't fail: /tmp/temporary-47992350-3b4c-41f0-9dc4-f1264f743963. If it's required to delete it under any circumstances, please set spark.sql.streaming.forceDeleteTempCheckpointLocation to true. Important to know deleting temp checkpoint folder is best effort.
22/11/07 03:34:05 WARN ResolveWriteToStream: spark.sql.adaptive.enabled is not supported in streaming DataFrames/Datasets and will be disabled.
-------------------------------------------
Batch: 0
-------------------------------------------
+--------------------+-----+
|            customer|score|
+--------------------+-----+
|Neeraj.Anandh@tes...| 25.0|
|Suresh.Phillips@t...| -3.5|
|Lyn.Aristotle@tes...| -3.0|
|Trevor.Anandh@tes...|  4.0|
|Angie.Smith@test.com|-19.5|
|Santosh.Huey@test...| -4.0|
|Jacob.Olson@test.com| -3.0|
|Neeraj.Ahmed@test...| -4.5|
| Sean.Smith@test.com| -1.5|
|Larry.Ahmed@test.com| -3.0|
|Eric.Hansen@test.com| -4.5|
|John.Aristotle@te...| -3.0|
|Lyn.Staples@test.com| -5.5|
|David.Staples@tes...| -1.5|
|Suresh.Harris@tes...| -4.5|
|Edward.Anderson@t...| -4.5|
|Jerry.Staples@tes...| 23.5|
|Edward.Khatib@tes...| 28.5|
|Spencer.Ahmed@tes...| 22.5|
|   Frank.Wu@test.com|  6.0|
+--------------------+-----+
only showing top 20 rows

