:: loading settings :: url = jar:file:/opt/bitnami/spark/jars/ivy-2.5.0.jar!/org/apache/ivy/core/settings/ivysettings.xml
Ivy Default Cache set to: /opt/bitnami/spark/.ivy2/cache
The jars for the packages stored in: /opt/bitnami/spark/.ivy2/jars
org.apache.spark#spark-sql-kafka-0-10_2.12 added as a dependency
:: resolving dependencies :: org.apache.spark#spark-submit-parent-483ae431-8f22-4b27-8069-373ae9e326d3;1.0
	confs: [default]
	found org.apache.spark#spark-sql-kafka-0-10_2.12;3.0.0 in central
	found org.apache.spark#spark-token-provider-kafka-0-10_2.12;3.0.0 in central
	found org.apache.kafka#kafka-clients;2.4.1 in central
	found com.github.luben#zstd-jni;1.4.4-3 in central
	found org.lz4#lz4-java;1.7.1 in central
	found org.xerial.snappy#snappy-java;1.1.7.5 in central
	found org.slf4j#slf4j-api;1.7.30 in central
	found org.spark-project.spark#unused;1.0.0 in central
	found org.apache.commons#commons-pool2;2.6.2 in central
:: resolution report :: resolve 661ms :: artifacts dl 16ms
	:: modules in use:
	com.github.luben#zstd-jni;1.4.4-3 from central in [default]
	org.apache.commons#commons-pool2;2.6.2 from central in [default]
	org.apache.kafka#kafka-clients;2.4.1 from central in [default]
	org.apache.spark#spark-sql-kafka-0-10_2.12;3.0.0 from central in [default]
	org.apache.spark#spark-token-provider-kafka-0-10_2.12;3.0.0 from central in [default]
	org.lz4#lz4-java;1.7.1 from central in [default]
	org.slf4j#slf4j-api;1.7.30 from central in [default]
	org.spark-project.spark#unused;1.0.0 from central in [default]
	org.xerial.snappy#snappy-java;1.1.7.5 from central in [default]
	---------------------------------------------------------------------
	|                  |            modules            ||   artifacts   |
	|       conf       | number| search|dwnlded|evicted|| number|dwnlded|
	---------------------------------------------------------------------
	|      default     |   9   |   0   |   0   |   0   ||   9   |   0   |
	---------------------------------------------------------------------
:: retrieving :: org.apache.spark#spark-submit-parent-483ae431-8f22-4b27-8069-373ae9e326d3
	confs: [default]
	0 artifacts copied, 9 already retrieved (0kB/14ms)
22/11/07 03:38:24 WARN NativeCodeLoader: Unable to load native-hadoop library for your platform... using builtin-java classes where applicable
Using Spark's default log4j profile: org/apache/spark/log4j-defaults.properties
22/11/07 03:38:25 INFO SparkContext: Running Spark version 3.2.1
22/11/07 03:38:25 INFO ResourceUtils: ==============================================================
22/11/07 03:38:25 INFO ResourceUtils: No custom resources configured for spark.driver.
22/11/07 03:38:25 INFO ResourceUtils: ==============================================================
22/11/07 03:38:25 INFO SparkContext: Submitted application: balance-events
22/11/07 03:38:25 INFO ResourceProfile: Default ResourceProfile created, executor resources: Map(cores -> name: cores, amount: 1, script: , vendor: , memory -> name: memory, amount: 1024, script: , vendor: , offHeap -> name: offHeap, amount: 0, script: , vendor: ), task resources: Map(cpus -> name: cpus, amount: 1.0)
22/11/07 03:38:25 INFO ResourceProfile: Limiting resource is cpu
22/11/07 03:38:25 INFO ResourceProfileManager: Added ResourceProfile id: 0
22/11/07 03:38:25 INFO SecurityManager: Changing view acls to: spark
22/11/07 03:38:25 INFO SecurityManager: Changing modify acls to: spark
22/11/07 03:38:25 INFO SecurityManager: Changing view acls groups to: 
22/11/07 03:38:25 INFO SecurityManager: Changing modify acls groups to: 
22/11/07 03:38:25 INFO SecurityManager: SecurityManager: authentication disabled; ui acls disabled; users  with view permissions: Set(spark); groups with view permissions: Set(); users  with modify permissions: Set(spark); groups with modify permissions: Set()
22/11/07 03:38:26 INFO Utils: Successfully started service 'sparkDriver' on port 34911.
22/11/07 03:38:26 INFO SparkEnv: Registering MapOutputTracker
22/11/07 03:38:26 INFO SparkEnv: Registering BlockManagerMaster
22/11/07 03:38:26 INFO BlockManagerMasterEndpoint: Using org.apache.spark.storage.DefaultTopologyMapper for getting topology information
22/11/07 03:38:26 INFO BlockManagerMasterEndpoint: BlockManagerMasterEndpoint up
22/11/07 03:38:26 INFO SparkEnv: Registering BlockManagerMasterHeartbeat
22/11/07 03:38:26 INFO DiskBlockManager: Created local directory at /tmp/blockmgr-acb56869-b859-470b-84d6-c46b78448a50
22/11/07 03:38:26 INFO MemoryStore: MemoryStore started with capacity 366.3 MiB
22/11/07 03:38:26 INFO SparkEnv: Registering OutputCommitCoordinator
22/11/07 03:38:26 INFO Utils: Successfully started service 'SparkUI' on port 4040.
22/11/07 03:38:26 INFO SparkUI: Bound SparkUI to 0.0.0.0, and started at http://f23570360d13:4040
22/11/07 03:38:26 INFO SparkContext: Added JAR file:///opt/bitnami/spark/.ivy2/jars/org.apache.spark_spark-sql-kafka-0-10_2.12-3.0.0.jar at spark://f23570360d13:34911/jars/org.apache.spark_spark-sql-kafka-0-10_2.12-3.0.0.jar with timestamp 1667792305763
22/11/07 03:38:26 INFO SparkContext: Added JAR file:///opt/bitnami/spark/.ivy2/jars/org.apache.spark_spark-token-provider-kafka-0-10_2.12-3.0.0.jar at spark://f23570360d13:34911/jars/org.apache.spark_spark-token-provider-kafka-0-10_2.12-3.0.0.jar with timestamp 1667792305763
22/11/07 03:38:26 INFO SparkContext: Added JAR file:///opt/bitnami/spark/.ivy2/jars/org.apache.kafka_kafka-clients-2.4.1.jar at spark://f23570360d13:34911/jars/org.apache.kafka_kafka-clients-2.4.1.jar with timestamp 1667792305763
22/11/07 03:38:26 INFO SparkContext: Added JAR file:///opt/bitnami/spark/.ivy2/jars/org.apache.commons_commons-pool2-2.6.2.jar at spark://f23570360d13:34911/jars/org.apache.commons_commons-pool2-2.6.2.jar with timestamp 1667792305763
22/11/07 03:38:26 INFO SparkContext: Added JAR file:///opt/bitnami/spark/.ivy2/jars/org.spark-project.spark_unused-1.0.0.jar at spark://f23570360d13:34911/jars/org.spark-project.spark_unused-1.0.0.jar with timestamp 1667792305763
22/11/07 03:38:26 INFO SparkContext: Added JAR file:///opt/bitnami/spark/.ivy2/jars/com.github.luben_zstd-jni-1.4.4-3.jar at spark://f23570360d13:34911/jars/com.github.luben_zstd-jni-1.4.4-3.jar with timestamp 1667792305763
22/11/07 03:38:26 INFO SparkContext: Added JAR file:///opt/bitnami/spark/.ivy2/jars/org.lz4_lz4-java-1.7.1.jar at spark://f23570360d13:34911/jars/org.lz4_lz4-java-1.7.1.jar with timestamp 1667792305763
22/11/07 03:38:26 INFO SparkContext: Added JAR file:///opt/bitnami/spark/.ivy2/jars/org.xerial.snappy_snappy-java-1.1.7.5.jar at spark://f23570360d13:34911/jars/org.xerial.snappy_snappy-java-1.1.7.5.jar with timestamp 1667792305763
22/11/07 03:38:26 INFO SparkContext: Added JAR file:///opt/bitnami/spark/.ivy2/jars/org.slf4j_slf4j-api-1.7.30.jar at spark://f23570360d13:34911/jars/org.slf4j_slf4j-api-1.7.30.jar with timestamp 1667792305763
22/11/07 03:38:26 INFO SparkContext: Added file file:///opt/bitnami/spark/.ivy2/jars/org.apache.spark_spark-sql-kafka-0-10_2.12-3.0.0.jar at file:///opt/bitnami/spark/.ivy2/jars/org.apache.spark_spark-sql-kafka-0-10_2.12-3.0.0.jar with timestamp 1667792305763
22/11/07 03:38:26 INFO Utils: Copying /opt/bitnami/spark/.ivy2/jars/org.apache.spark_spark-sql-kafka-0-10_2.12-3.0.0.jar to /tmp/spark-e629fd38-72b2-4e50-ac98-b1f0cae58f10/userFiles-7b77ba0f-464d-4d1a-a857-465c8e93c722/org.apache.spark_spark-sql-kafka-0-10_2.12-3.0.0.jar
22/11/07 03:38:26 INFO SparkContext: Added file file:///opt/bitnami/spark/.ivy2/jars/org.apache.spark_spark-token-provider-kafka-0-10_2.12-3.0.0.jar at file:///opt/bitnami/spark/.ivy2/jars/org.apache.spark_spark-token-provider-kafka-0-10_2.12-3.0.0.jar with timestamp 1667792305763
22/11/07 03:38:26 INFO Utils: Copying /opt/bitnami/spark/.ivy2/jars/org.apache.spark_spark-token-provider-kafka-0-10_2.12-3.0.0.jar to /tmp/spark-e629fd38-72b2-4e50-ac98-b1f0cae58f10/userFiles-7b77ba0f-464d-4d1a-a857-465c8e93c722/org.apache.spark_spark-token-provider-kafka-0-10_2.12-3.0.0.jar
22/11/07 03:38:27 INFO SparkContext: Added file file:///opt/bitnami/spark/.ivy2/jars/org.apache.kafka_kafka-clients-2.4.1.jar at file:///opt/bitnami/spark/.ivy2/jars/org.apache.kafka_kafka-clients-2.4.1.jar with timestamp 1667792305763
22/11/07 03:38:27 INFO Utils: Copying /opt/bitnami/spark/.ivy2/jars/org.apache.kafka_kafka-clients-2.4.1.jar to /tmp/spark-e629fd38-72b2-4e50-ac98-b1f0cae58f10/userFiles-7b77ba0f-464d-4d1a-a857-465c8e93c722/org.apache.kafka_kafka-clients-2.4.1.jar
22/11/07 03:38:27 INFO SparkContext: Added file file:///opt/bitnami/spark/.ivy2/jars/org.apache.commons_commons-pool2-2.6.2.jar at file:///opt/bitnami/spark/.ivy2/jars/org.apache.commons_commons-pool2-2.6.2.jar with timestamp 1667792305763
22/11/07 03:38:27 INFO Utils: Copying /opt/bitnami/spark/.ivy2/jars/org.apache.commons_commons-pool2-2.6.2.jar to /tmp/spark-e629fd38-72b2-4e50-ac98-b1f0cae58f10/userFiles-7b77ba0f-464d-4d1a-a857-465c8e93c722/org.apache.commons_commons-pool2-2.6.2.jar
22/11/07 03:38:27 INFO SparkContext: Added file file:///opt/bitnami/spark/.ivy2/jars/org.spark-project.spark_unused-1.0.0.jar at file:///opt/bitnami/spark/.ivy2/jars/org.spark-project.spark_unused-1.0.0.jar with timestamp 1667792305763
22/11/07 03:38:27 INFO Utils: Copying /opt/bitnami/spark/.ivy2/jars/org.spark-project.spark_unused-1.0.0.jar to /tmp/spark-e629fd38-72b2-4e50-ac98-b1f0cae58f10/userFiles-7b77ba0f-464d-4d1a-a857-465c8e93c722/org.spark-project.spark_unused-1.0.0.jar
22/11/07 03:38:27 INFO SparkContext: Added file file:///opt/bitnami/spark/.ivy2/jars/com.github.luben_zstd-jni-1.4.4-3.jar at file:///opt/bitnami/spark/.ivy2/jars/com.github.luben_zstd-jni-1.4.4-3.jar with timestamp 1667792305763
22/11/07 03:38:27 INFO Utils: Copying /opt/bitnami/spark/.ivy2/jars/com.github.luben_zstd-jni-1.4.4-3.jar to /tmp/spark-e629fd38-72b2-4e50-ac98-b1f0cae58f10/userFiles-7b77ba0f-464d-4d1a-a857-465c8e93c722/com.github.luben_zstd-jni-1.4.4-3.jar
22/11/07 03:38:27 INFO SparkContext: Added file file:///opt/bitnami/spark/.ivy2/jars/org.lz4_lz4-java-1.7.1.jar at file:///opt/bitnami/spark/.ivy2/jars/org.lz4_lz4-java-1.7.1.jar with timestamp 1667792305763
22/11/07 03:38:27 INFO Utils: Copying /opt/bitnami/spark/.ivy2/jars/org.lz4_lz4-java-1.7.1.jar to /tmp/spark-e629fd38-72b2-4e50-ac98-b1f0cae58f10/userFiles-7b77ba0f-464d-4d1a-a857-465c8e93c722/org.lz4_lz4-java-1.7.1.jar
22/11/07 03:38:27 INFO SparkContext: Added file file:///opt/bitnami/spark/.ivy2/jars/org.xerial.snappy_snappy-java-1.1.7.5.jar at file:///opt/bitnami/spark/.ivy2/jars/org.xerial.snappy_snappy-java-1.1.7.5.jar with timestamp 1667792305763
22/11/07 03:38:27 INFO Utils: Copying /opt/bitnami/spark/.ivy2/jars/org.xerial.snappy_snappy-java-1.1.7.5.jar to /tmp/spark-e629fd38-72b2-4e50-ac98-b1f0cae58f10/userFiles-7b77ba0f-464d-4d1a-a857-465c8e93c722/org.xerial.snappy_snappy-java-1.1.7.5.jar
22/11/07 03:38:27 INFO SparkContext: Added file file:///opt/bitnami/spark/.ivy2/jars/org.slf4j_slf4j-api-1.7.30.jar at file:///opt/bitnami/spark/.ivy2/jars/org.slf4j_slf4j-api-1.7.30.jar with timestamp 1667792305763
22/11/07 03:38:27 INFO Utils: Copying /opt/bitnami/spark/.ivy2/jars/org.slf4j_slf4j-api-1.7.30.jar to /tmp/spark-e629fd38-72b2-4e50-ac98-b1f0cae58f10/userFiles-7b77ba0f-464d-4d1a-a857-465c8e93c722/org.slf4j_slf4j-api-1.7.30.jar
22/11/07 03:38:27 INFO Executor: Starting executor ID driver on host f23570360d13
22/11/07 03:38:27 INFO Executor: Fetching file:///opt/bitnami/spark/.ivy2/jars/org.apache.spark_spark-token-provider-kafka-0-10_2.12-3.0.0.jar with timestamp 1667792305763
22/11/07 03:38:27 INFO Utils: /opt/bitnami/spark/.ivy2/jars/org.apache.spark_spark-token-provider-kafka-0-10_2.12-3.0.0.jar has been previously copied to /tmp/spark-e629fd38-72b2-4e50-ac98-b1f0cae58f10/userFiles-7b77ba0f-464d-4d1a-a857-465c8e93c722/org.apache.spark_spark-token-provider-kafka-0-10_2.12-3.0.0.jar
22/11/07 03:38:27 INFO Executor: Fetching file:///opt/bitnami/spark/.ivy2/jars/com.github.luben_zstd-jni-1.4.4-3.jar with timestamp 1667792305763
22/11/07 03:38:27 INFO Utils: /opt/bitnami/spark/.ivy2/jars/com.github.luben_zstd-jni-1.4.4-3.jar has been previously copied to /tmp/spark-e629fd38-72b2-4e50-ac98-b1f0cae58f10/userFiles-7b77ba0f-464d-4d1a-a857-465c8e93c722/com.github.luben_zstd-jni-1.4.4-3.jar
22/11/07 03:38:27 INFO Executor: Fetching file:///opt/bitnami/spark/.ivy2/jars/org.xerial.snappy_snappy-java-1.1.7.5.jar with timestamp 1667792305763
22/11/07 03:38:27 INFO Utils: /opt/bitnami/spark/.ivy2/jars/org.xerial.snappy_snappy-java-1.1.7.5.jar has been previously copied to /tmp/spark-e629fd38-72b2-4e50-ac98-b1f0cae58f10/userFiles-7b77ba0f-464d-4d1a-a857-465c8e93c722/org.xerial.snappy_snappy-java-1.1.7.5.jar
22/11/07 03:38:27 INFO Executor: Fetching file:///opt/bitnami/spark/.ivy2/jars/org.apache.kafka_kafka-clients-2.4.1.jar with timestamp 1667792305763
22/11/07 03:38:27 INFO Utils: /opt/bitnami/spark/.ivy2/jars/org.apache.kafka_kafka-clients-2.4.1.jar has been previously copied to /tmp/spark-e629fd38-72b2-4e50-ac98-b1f0cae58f10/userFiles-7b77ba0f-464d-4d1a-a857-465c8e93c722/org.apache.kafka_kafka-clients-2.4.1.jar
22/11/07 03:38:27 INFO Executor: Fetching file:///opt/bitnami/spark/.ivy2/jars/org.apache.spark_spark-sql-kafka-0-10_2.12-3.0.0.jar with timestamp 1667792305763
22/11/07 03:38:27 INFO Utils: /opt/bitnami/spark/.ivy2/jars/org.apache.spark_spark-sql-kafka-0-10_2.12-3.0.0.jar has been previously copied to /tmp/spark-e629fd38-72b2-4e50-ac98-b1f0cae58f10/userFiles-7b77ba0f-464d-4d1a-a857-465c8e93c722/org.apache.spark_spark-sql-kafka-0-10_2.12-3.0.0.jar
22/11/07 03:38:27 INFO Executor: Fetching file:///opt/bitnami/spark/.ivy2/jars/org.apache.commons_commons-pool2-2.6.2.jar with timestamp 1667792305763
22/11/07 03:38:27 INFO Utils: /opt/bitnami/spark/.ivy2/jars/org.apache.commons_commons-pool2-2.6.2.jar has been previously copied to /tmp/spark-e629fd38-72b2-4e50-ac98-b1f0cae58f10/userFiles-7b77ba0f-464d-4d1a-a857-465c8e93c722/org.apache.commons_commons-pool2-2.6.2.jar
22/11/07 03:38:27 INFO Executor: Fetching file:///opt/bitnami/spark/.ivy2/jars/org.spark-project.spark_unused-1.0.0.jar with timestamp 1667792305763
22/11/07 03:38:27 INFO Utils: /opt/bitnami/spark/.ivy2/jars/org.spark-project.spark_unused-1.0.0.jar has been previously copied to /tmp/spark-e629fd38-72b2-4e50-ac98-b1f0cae58f10/userFiles-7b77ba0f-464d-4d1a-a857-465c8e93c722/org.spark-project.spark_unused-1.0.0.jar
22/11/07 03:38:27 INFO Executor: Fetching file:///opt/bitnami/spark/.ivy2/jars/org.lz4_lz4-java-1.7.1.jar with timestamp 1667792305763
22/11/07 03:38:27 INFO Utils: /opt/bitnami/spark/.ivy2/jars/org.lz4_lz4-java-1.7.1.jar has been previously copied to /tmp/spark-e629fd38-72b2-4e50-ac98-b1f0cae58f10/userFiles-7b77ba0f-464d-4d1a-a857-465c8e93c722/org.lz4_lz4-java-1.7.1.jar
22/11/07 03:38:27 INFO Executor: Fetching file:///opt/bitnami/spark/.ivy2/jars/org.slf4j_slf4j-api-1.7.30.jar with timestamp 1667792305763
22/11/07 03:38:27 INFO Utils: /opt/bitnami/spark/.ivy2/jars/org.slf4j_slf4j-api-1.7.30.jar has been previously copied to /tmp/spark-e629fd38-72b2-4e50-ac98-b1f0cae58f10/userFiles-7b77ba0f-464d-4d1a-a857-465c8e93c722/org.slf4j_slf4j-api-1.7.30.jar
22/11/07 03:38:27 INFO Executor: Fetching spark://f23570360d13:34911/jars/com.github.luben_zstd-jni-1.4.4-3.jar with timestamp 1667792305763
22/11/07 03:38:27 INFO TransportClientFactory: Successfully created connection to f23570360d13/172.19.0.5:34911 after 48 ms (0 ms spent in bootstraps)
22/11/07 03:38:27 INFO Utils: Fetching spark://f23570360d13:34911/jars/com.github.luben_zstd-jni-1.4.4-3.jar to /tmp/spark-e629fd38-72b2-4e50-ac98-b1f0cae58f10/userFiles-7b77ba0f-464d-4d1a-a857-465c8e93c722/fetchFileTemp5699100501816142675.tmp
22/11/07 03:38:27 INFO Utils: /tmp/spark-e629fd38-72b2-4e50-ac98-b1f0cae58f10/userFiles-7b77ba0f-464d-4d1a-a857-465c8e93c722/fetchFileTemp5699100501816142675.tmp has been previously copied to /tmp/spark-e629fd38-72b2-4e50-ac98-b1f0cae58f10/userFiles-7b77ba0f-464d-4d1a-a857-465c8e93c722/com.github.luben_zstd-jni-1.4.4-3.jar
22/11/07 03:38:27 INFO Executor: Adding file:/tmp/spark-e629fd38-72b2-4e50-ac98-b1f0cae58f10/userFiles-7b77ba0f-464d-4d1a-a857-465c8e93c722/com.github.luben_zstd-jni-1.4.4-3.jar to class loader
22/11/07 03:38:27 INFO Executor: Fetching spark://f23570360d13:34911/jars/org.lz4_lz4-java-1.7.1.jar with timestamp 1667792305763
22/11/07 03:38:27 INFO Utils: Fetching spark://f23570360d13:34911/jars/org.lz4_lz4-java-1.7.1.jar to /tmp/spark-e629fd38-72b2-4e50-ac98-b1f0cae58f10/userFiles-7b77ba0f-464d-4d1a-a857-465c8e93c722/fetchFileTemp6093008286238877123.tmp
22/11/07 03:38:27 INFO Utils: /tmp/spark-e629fd38-72b2-4e50-ac98-b1f0cae58f10/userFiles-7b77ba0f-464d-4d1a-a857-465c8e93c722/fetchFileTemp6093008286238877123.tmp has been previously copied to /tmp/spark-e629fd38-72b2-4e50-ac98-b1f0cae58f10/userFiles-7b77ba0f-464d-4d1a-a857-465c8e93c722/org.lz4_lz4-java-1.7.1.jar
22/11/07 03:38:27 INFO Executor: Adding file:/tmp/spark-e629fd38-72b2-4e50-ac98-b1f0cae58f10/userFiles-7b77ba0f-464d-4d1a-a857-465c8e93c722/org.lz4_lz4-java-1.7.1.jar to class loader
22/11/07 03:38:27 INFO Executor: Fetching spark://f23570360d13:34911/jars/org.apache.kafka_kafka-clients-2.4.1.jar with timestamp 1667792305763
22/11/07 03:38:27 INFO Utils: Fetching spark://f23570360d13:34911/jars/org.apache.kafka_kafka-clients-2.4.1.jar to /tmp/spark-e629fd38-72b2-4e50-ac98-b1f0cae58f10/userFiles-7b77ba0f-464d-4d1a-a857-465c8e93c722/fetchFileTemp650217544692111101.tmp
22/11/07 03:38:27 INFO Utils: /tmp/spark-e629fd38-72b2-4e50-ac98-b1f0cae58f10/userFiles-7b77ba0f-464d-4d1a-a857-465c8e93c722/fetchFileTemp650217544692111101.tmp has been previously copied to /tmp/spark-e629fd38-72b2-4e50-ac98-b1f0cae58f10/userFiles-7b77ba0f-464d-4d1a-a857-465c8e93c722/org.apache.kafka_kafka-clients-2.4.1.jar
22/11/07 03:38:27 INFO Executor: Adding file:/tmp/spark-e629fd38-72b2-4e50-ac98-b1f0cae58f10/userFiles-7b77ba0f-464d-4d1a-a857-465c8e93c722/org.apache.kafka_kafka-clients-2.4.1.jar to class loader
22/11/07 03:38:27 INFO Executor: Fetching spark://f23570360d13:34911/jars/org.spark-project.spark_unused-1.0.0.jar with timestamp 1667792305763
22/11/07 03:38:27 INFO Utils: Fetching spark://f23570360d13:34911/jars/org.spark-project.spark_unused-1.0.0.jar to /tmp/spark-e629fd38-72b2-4e50-ac98-b1f0cae58f10/userFiles-7b77ba0f-464d-4d1a-a857-465c8e93c722/fetchFileTemp4339795231062311545.tmp
22/11/07 03:38:27 INFO Utils: /tmp/spark-e629fd38-72b2-4e50-ac98-b1f0cae58f10/userFiles-7b77ba0f-464d-4d1a-a857-465c8e93c722/fetchFileTemp4339795231062311545.tmp has been previously copied to /tmp/spark-e629fd38-72b2-4e50-ac98-b1f0cae58f10/userFiles-7b77ba0f-464d-4d1a-a857-465c8e93c722/org.spark-project.spark_unused-1.0.0.jar
22/11/07 03:38:27 INFO Executor: Adding file:/tmp/spark-e629fd38-72b2-4e50-ac98-b1f0cae58f10/userFiles-7b77ba0f-464d-4d1a-a857-465c8e93c722/org.spark-project.spark_unused-1.0.0.jar to class loader
22/11/07 03:38:27 INFO Executor: Fetching spark://f23570360d13:34911/jars/org.xerial.snappy_snappy-java-1.1.7.5.jar with timestamp 1667792305763
22/11/07 03:38:27 INFO Utils: Fetching spark://f23570360d13:34911/jars/org.xerial.snappy_snappy-java-1.1.7.5.jar to /tmp/spark-e629fd38-72b2-4e50-ac98-b1f0cae58f10/userFiles-7b77ba0f-464d-4d1a-a857-465c8e93c722/fetchFileTemp8379091715610883947.tmp
22/11/07 03:38:27 INFO Utils: /tmp/spark-e629fd38-72b2-4e50-ac98-b1f0cae58f10/userFiles-7b77ba0f-464d-4d1a-a857-465c8e93c722/fetchFileTemp8379091715610883947.tmp has been previously copied to /tmp/spark-e629fd38-72b2-4e50-ac98-b1f0cae58f10/userFiles-7b77ba0f-464d-4d1a-a857-465c8e93c722/org.xerial.snappy_snappy-java-1.1.7.5.jar
22/11/07 03:38:27 INFO Executor: Adding file:/tmp/spark-e629fd38-72b2-4e50-ac98-b1f0cae58f10/userFiles-7b77ba0f-464d-4d1a-a857-465c8e93c722/org.xerial.snappy_snappy-java-1.1.7.5.jar to class loader
22/11/07 03:38:27 INFO Executor: Fetching spark://f23570360d13:34911/jars/org.apache.spark_spark-token-provider-kafka-0-10_2.12-3.0.0.jar with timestamp 1667792305763
22/11/07 03:38:27 INFO Utils: Fetching spark://f23570360d13:34911/jars/org.apache.spark_spark-token-provider-kafka-0-10_2.12-3.0.0.jar to /tmp/spark-e629fd38-72b2-4e50-ac98-b1f0cae58f10/userFiles-7b77ba0f-464d-4d1a-a857-465c8e93c722/fetchFileTemp2640560273880974461.tmp
22/11/07 03:38:27 INFO Utils: /tmp/spark-e629fd38-72b2-4e50-ac98-b1f0cae58f10/userFiles-7b77ba0f-464d-4d1a-a857-465c8e93c722/fetchFileTemp2640560273880974461.tmp has been previously copied to /tmp/spark-e629fd38-72b2-4e50-ac98-b1f0cae58f10/userFiles-7b77ba0f-464d-4d1a-a857-465c8e93c722/org.apache.spark_spark-token-provider-kafka-0-10_2.12-3.0.0.jar
22/11/07 03:38:27 INFO Executor: Adding file:/tmp/spark-e629fd38-72b2-4e50-ac98-b1f0cae58f10/userFiles-7b77ba0f-464d-4d1a-a857-465c8e93c722/org.apache.spark_spark-token-provider-kafka-0-10_2.12-3.0.0.jar to class loader
22/11/07 03:38:27 INFO Executor: Fetching spark://f23570360d13:34911/jars/org.slf4j_slf4j-api-1.7.30.jar with timestamp 1667792305763
22/11/07 03:38:27 INFO Utils: Fetching spark://f23570360d13:34911/jars/org.slf4j_slf4j-api-1.7.30.jar to /tmp/spark-e629fd38-72b2-4e50-ac98-b1f0cae58f10/userFiles-7b77ba0f-464d-4d1a-a857-465c8e93c722/fetchFileTemp3690918487991537450.tmp
22/11/07 03:38:27 INFO Utils: /tmp/spark-e629fd38-72b2-4e50-ac98-b1f0cae58f10/userFiles-7b77ba0f-464d-4d1a-a857-465c8e93c722/fetchFileTemp3690918487991537450.tmp has been previously copied to /tmp/spark-e629fd38-72b2-4e50-ac98-b1f0cae58f10/userFiles-7b77ba0f-464d-4d1a-a857-465c8e93c722/org.slf4j_slf4j-api-1.7.30.jar
22/11/07 03:38:27 INFO Executor: Adding file:/tmp/spark-e629fd38-72b2-4e50-ac98-b1f0cae58f10/userFiles-7b77ba0f-464d-4d1a-a857-465c8e93c722/org.slf4j_slf4j-api-1.7.30.jar to class loader
22/11/07 03:38:27 INFO Executor: Fetching spark://f23570360d13:34911/jars/org.apache.commons_commons-pool2-2.6.2.jar with timestamp 1667792305763
22/11/07 03:38:27 INFO Utils: Fetching spark://f23570360d13:34911/jars/org.apache.commons_commons-pool2-2.6.2.jar to /tmp/spark-e629fd38-72b2-4e50-ac98-b1f0cae58f10/userFiles-7b77ba0f-464d-4d1a-a857-465c8e93c722/fetchFileTemp8703045640223490109.tmp
22/11/07 03:38:27 INFO Utils: /tmp/spark-e629fd38-72b2-4e50-ac98-b1f0cae58f10/userFiles-7b77ba0f-464d-4d1a-a857-465c8e93c722/fetchFileTemp8703045640223490109.tmp has been previously copied to /tmp/spark-e629fd38-72b2-4e50-ac98-b1f0cae58f10/userFiles-7b77ba0f-464d-4d1a-a857-465c8e93c722/org.apache.commons_commons-pool2-2.6.2.jar
22/11/07 03:38:27 INFO Executor: Adding file:/tmp/spark-e629fd38-72b2-4e50-ac98-b1f0cae58f10/userFiles-7b77ba0f-464d-4d1a-a857-465c8e93c722/org.apache.commons_commons-pool2-2.6.2.jar to class loader
22/11/07 03:38:27 INFO Executor: Fetching spark://f23570360d13:34911/jars/org.apache.spark_spark-sql-kafka-0-10_2.12-3.0.0.jar with timestamp 1667792305763
22/11/07 03:38:27 INFO Utils: Fetching spark://f23570360d13:34911/jars/org.apache.spark_spark-sql-kafka-0-10_2.12-3.0.0.jar to /tmp/spark-e629fd38-72b2-4e50-ac98-b1f0cae58f10/userFiles-7b77ba0f-464d-4d1a-a857-465c8e93c722/fetchFileTemp926002774114287255.tmp
22/11/07 03:38:27 INFO Utils: /tmp/spark-e629fd38-72b2-4e50-ac98-b1f0cae58f10/userFiles-7b77ba0f-464d-4d1a-a857-465c8e93c722/fetchFileTemp926002774114287255.tmp has been previously copied to /tmp/spark-e629fd38-72b2-4e50-ac98-b1f0cae58f10/userFiles-7b77ba0f-464d-4d1a-a857-465c8e93c722/org.apache.spark_spark-sql-kafka-0-10_2.12-3.0.0.jar
22/11/07 03:38:27 INFO Executor: Adding file:/tmp/spark-e629fd38-72b2-4e50-ac98-b1f0cae58f10/userFiles-7b77ba0f-464d-4d1a-a857-465c8e93c722/org.apache.spark_spark-sql-kafka-0-10_2.12-3.0.0.jar to class loader
22/11/07 03:38:27 INFO Utils: Successfully started service 'org.apache.spark.network.netty.NettyBlockTransferService' on port 43075.
22/11/07 03:38:27 INFO NettyBlockTransferService: Server created on f23570360d13:43075
22/11/07 03:38:27 INFO BlockManager: Using org.apache.spark.storage.RandomBlockReplicationPolicy for block replication policy
22/11/07 03:38:27 INFO BlockManagerMaster: Registering BlockManager BlockManagerId(driver, f23570360d13, 43075, None)
22/11/07 03:38:27 INFO BlockManagerMasterEndpoint: Registering block manager f23570360d13:43075 with 366.3 MiB RAM, BlockManagerId(driver, f23570360d13, 43075, None)
22/11/07 03:38:27 INFO BlockManagerMaster: Registered BlockManager BlockManagerId(driver, f23570360d13, 43075, None)
22/11/07 03:38:27 INFO BlockManager: Initialized BlockManager: BlockManagerId(driver, f23570360d13, 43075, None)
22/11/07 03:38:28 INFO SharedState: Setting hive.metastore.warehouse.dir ('null') to the value of spark.sql.warehouse.dir.
22/11/07 03:38:28 INFO SharedState: Warehouse path is 'file:/opt/bitnami/spark/spark-warehouse'.
22/11/07 03:38:33 WARN ResolveWriteToStream: Temporary checkpoint location created which is deleted normally when the query didn't fail: /tmp/temporary-d1215f93-a08d-4f94-9797-90392e081515. If it's required to delete it under any circumstances, please set spark.sql.streaming.forceDeleteTempCheckpointLocation to true. Important to know deleting temp checkpoint folder is best effort.
22/11/07 03:38:33 WARN ResolveWriteToStream: spark.sql.adaptive.enabled is not supported in streaming DataFrames/Datasets and will be disabled.
-------------------------------------------
Batch: 0
-------------------------------------------
+--------------------+---------+
|               email|birthYear|
+--------------------+---------+
|Neeraj.Anandh@tes...|     1965|
|Suresh.Phillips@t...|     1964|
|Lyn.Aristotle@tes...|     1963|
|Trevor.Anandh@tes...|     1962|
|Angie.Smith@test.com|     1961|
|Santosh.Huey@test...|     1960|
|Jacob.Olson@test.com|     1959|
|Neeraj.Ahmed@test...|     1958|
| Sean.Smith@test.com|     1957|
|Larry.Ahmed@test.com|     1956|
|Eric.Hansen@test.com|     1955|
|John.Aristotle@te...|     1954|
|Lyn.Staples@test.com|     1953|
|David.Staples@tes...|     1952|
|Suresh.Harris@tes...|     1951|
|Edward.Anderson@t...|     1950|
|Jerry.Staples@tes...|     1949|
|Edward.Khatib@tes...|     1948|
|Spencer.Ahmed@tes...|     1947|
|   Frank.Wu@test.com|     1946|
+--------------------+---------+
only showing top 20 rows

