[38;5;6m [38;5;5m03:40:26.84 [0m
[38;5;6m [38;5;5m03:40:26.84 [0m[1mWelcome to the Bitnami spark container[0m
[38;5;6m [38;5;5m03:40:26.85 [0mSubscribe to project updates by watching [1mhttps://github.com/bitnami/bitnami-docker-spark[0m
[38;5;6m [38;5;5m03:40:26.85 [0mSubmit issues and feature requests at [1mhttps://github.com/bitnami/bitnami-docker-spark/issues[0m
[38;5;6m [38;5;5m03:40:26.85 [0m
[38;5;6m [38;5;5m03:40:26.86 [0m[38;5;2mINFO [0m ==> ** Starting Spark setup **
realpath: /bitnami/spark/conf: No such file or directory
[38;5;6m [38;5;5m03:40:26.89 [0m[38;5;2mINFO [0m ==> Detected mounted configuration file...
[38;5;6m [38;5;5m03:40:26.90 [0m[38;5;2mINFO [0m ==> ** Spark setup finished! **

[38;5;6m [38;5;5m03:40:26.92 [0m[38;5;2mINFO [0m ==> ** Starting Spark in worker mode **
starting org.apache.spark.deploy.worker.Worker, logging to /opt/bitnami/spark/logs/spark--org.apache.spark.deploy.worker.Worker-1-bcc598da332c.out
Spark Command: /opt/bitnami/java/bin/java -cp /opt/bitnami/spark/conf/:/opt/bitnami/spark/jars/* -Xmx1g org.apache.spark.deploy.worker.Worker --webui-port 8081 spark://spark:7077
========================================
Using Spark's default log4j profile: org/apache/spark/log4j-defaults.properties
22/11/07 03:40:28 INFO Worker: Started daemon with process name: 37@bcc598da332c
22/11/07 03:40:28 INFO SignalUtils: Registering signal handler for TERM
22/11/07 03:40:28 INFO SignalUtils: Registering signal handler for HUP
22/11/07 03:40:28 INFO SignalUtils: Registering signal handler for INT
22/11/07 03:40:29 WARN NativeCodeLoader: Unable to load native-hadoop library for your platform... using builtin-java classes where applicable
22/11/07 03:40:29 INFO SecurityManager: Changing view acls to: spark
22/11/07 03:40:29 INFO SecurityManager: Changing modify acls to: spark
22/11/07 03:40:29 INFO SecurityManager: Changing view acls groups to: 
22/11/07 03:40:29 INFO SecurityManager: Changing modify acls groups to: 
22/11/07 03:40:29 INFO SecurityManager: SecurityManager: authentication disabled; ui acls disabled; users  with view permissions: Set(spark); groups with view permissions: Set(); users  with modify permissions: Set(spark); groups with modify permissions: Set()
22/11/07 03:40:30 INFO Utils: Successfully started service 'sparkWorker' on port 46399.
22/11/07 03:40:30 INFO Worker: Worker decommissioning not enabled.
22/11/07 03:40:31 INFO Worker: Starting Spark worker 172.19.0.2:46399 with 1 cores, 1024.0 MiB RAM
22/11/07 03:40:31 INFO Worker: Running Spark version 3.2.1
22/11/07 03:40:31 INFO Worker: Spark home: /opt/bitnami/spark
22/11/07 03:40:31 INFO ResourceUtils: ==============================================================
22/11/07 03:40:31 INFO ResourceUtils: No custom resources configured for spark.worker.
22/11/07 03:40:31 INFO ResourceUtils: ==============================================================
22/11/07 03:40:31 INFO Utils: Successfully started service 'WorkerUI' on port 8081.
22/11/07 03:40:31 INFO WorkerWebUI: Bound WorkerWebUI to 0.0.0.0, and started at http://bcc598da332c:8081
22/11/07 03:40:31 INFO Worker: Connecting to master spark:7077...
22/11/07 03:40:32 INFO TransportClientFactory: Successfully created connection to spark/172.19.0.4:7077 after 135 ms (0 ms spent in bootstraps)
22/11/07 03:40:44 INFO Worker: Retrying connection to master (attempt # 1)
22/11/07 03:40:44 INFO Worker: Connecting to master spark:7077...
22/11/07 03:40:44 INFO Worker: Successfully registered with master spark://7c208beb6b56:7077
